[ 2025-08-25 09:52:32,380 ] 19 root - INFO - Initiate Data Ingestion
[ 2025-08-25 09:52:40,565 ] 68 root - INFO - Performed train test split on the dataframe
[ 2025-08-25 09:52:40,566 ] 70 root - INFO - Exited split_data_as_train_test method of Data_Ingestion class
[ 2025-08-25 09:52:40,566 ] 78 root - INFO - Exporting train and test file path.
[ 2025-08-25 09:52:40,645 ] 87 root - INFO - Exported train and test file path.
[ 2025-08-25 09:52:40,646 ] 21 root - INFO - Data Initiation Completed
[ 2025-08-25 09:52:40,650 ] 26 root - INFO - Initiate Data Validation
[ 2025-08-25 09:52:40,732 ] 39 root - INFO - Required No. of columns: 2
[ 2025-08-25 09:52:40,733 ] 40 root - INFO - DataFrame has columns: Index(['having_IP_Address', 'URL_Length', 'Shortining_Service',
       'having_At_Symbol', 'double_slash_redirecting', 'Prefix_Suffix',
       'having_Sub_Domain', 'SSLfinal_State', 'Domain_registeration_length',
       'Favicon', 'port', 'HTTPS_token', 'Request_URL', 'URL_of_Anchor',
       'Links_in_tags', 'SFH', 'Submitting_to_email', 'Abnormal_URL',
       'Redirect', 'on_mouseover', 'RightClick', 'popUpWidnow', 'Iframe',
       'age_of_domain', 'DNSRecord', 'web_traffic', 'Page_Rank',
       'Google_Index', 'Links_pointing_to_page', 'Statistical_report',
       'Result'],
      dtype='object')
[ 2025-08-25 09:52:40,734 ] 39 root - INFO - Required No. of columns: 2
[ 2025-08-25 09:52:40,734 ] 40 root - INFO - DataFrame has columns: Index(['having_IP_Address', 'URL_Length', 'Shortining_Service',
       'having_At_Symbol', 'double_slash_redirecting', 'Prefix_Suffix',
       'having_Sub_Domain', 'SSLfinal_State', 'Domain_registeration_length',
       'Favicon', 'port', 'HTTPS_token', 'Request_URL', 'URL_of_Anchor',
       'Links_in_tags', 'SFH', 'Submitting_to_email', 'Abnormal_URL',
       'Redirect', 'on_mouseover', 'RightClick', 'popUpWidnow', 'Iframe',
       'age_of_domain', 'DNSRecord', 'web_traffic', 'Page_Rank',
       'Google_Index', 'Links_pointing_to_page', 'Statistical_report',
       'Result'],
      dtype='object')
[ 2025-08-25 09:52:40,735 ] 51 root - INFO - We are checking for Numerical Columns in the Data Frame 
[ 2025-08-25 09:52:40,736 ] 51 root - INFO - We are checking for Numerical Columns in the Data Frame 
[ 2025-08-25 09:52:40,920 ] 28 root - INFO - Data Validation Completed
[ 2025-08-25 09:52:40,921 ] 33 root - INFO - Initiate Data Transformation
[ 2025-08-25 09:52:40,921 ] 62 root - INFO - Entered initiate_data_transformation method of DataTransformation class
[ 2025-08-25 09:52:40,921 ] 64 root - INFO - Starting data transformation
[ 2025-08-25 09:52:40,968 ] 48 root - INFO - Entered get_data_trnasformer_object method of Trnasformation class
[ 2025-08-25 09:52:40,968 ] 52 root - INFO -  Initialize KNNIMPUTER with {'missing_values': nan, 'n_neighbors': 3, 'weights': 'uniform'}
[ 2025-08-25 09:52:40,990 ] 47 root - INFO - Entered the save_object method of MainUtils class
[ 2025-08-25 09:52:40,996 ] 51 root - INFO - Exited the save_object method of MainUtils class
[ 2025-08-25 09:52:40,996 ] 47 root - INFO - Entered the save_object method of MainUtils class
[ 2025-08-25 09:52:41,006 ] 51 root - INFO - Exited the save_object method of MainUtils class
[ 2025-08-25 09:52:41,008 ] 35 root - INFO - Data Transformation Completed
[ 2025-08-25 09:52:41,009 ] 39 root - INFO - Model Training started
[ 2025-08-25 09:55:13,157 ] 47 root - INFO - Entered the save_object method of MainUtils class
[ 2025-08-25 09:55:13,157 ] 51 root - INFO - Exited the save_object method of MainUtils class
[ 2025-08-25 09:55:13,157 ] 127 root - INFO - Model trainer Artifact: ModelTrainerArtifact(trained_model_file_path='Artifacts\\08_25_2025_09_52_30\\model_trainer\\trained_model\\model.pkl', train_metric_artifact=ClassificationMetricArtifact(f1_score=0.9907710928438146, precision_score=0.9878318584070797, recall_score=0.9937278705108751), test_metric_artifact=ClassificationMetricArtifact(f1_score=0.9874871794871795, precision_score=0.9840556009811938, recall_score=0.9909427748044463))
[ 2025-08-25 09:55:13,158 ] 44 root - INFO - Model Training artifact created
