[ 2025-08-25 09:46:31,080 ] 19 root - INFO - Initiate Data Ingestion
[ 2025-08-25 09:46:38,638 ] 68 root - INFO - Performed train test split on the dataframe
[ 2025-08-25 09:46:38,638 ] 70 root - INFO - Exited split_data_as_train_test method of Data_Ingestion class
[ 2025-08-25 09:46:38,639 ] 78 root - INFO - Exporting train and test file path.
[ 2025-08-25 09:46:38,711 ] 87 root - INFO - Exported train and test file path.
[ 2025-08-25 09:46:38,712 ] 21 root - INFO - Data Initiation Completed
[ 2025-08-25 09:46:38,716 ] 26 root - INFO - Initiate Data Validation
[ 2025-08-25 09:46:38,800 ] 39 root - INFO - Required No. of columns: 2
[ 2025-08-25 09:46:38,800 ] 40 root - INFO - DataFrame has columns: Index(['having_IP_Address', 'URL_Length', 'Shortining_Service',
       'having_At_Symbol', 'double_slash_redirecting', 'Prefix_Suffix',
       'having_Sub_Domain', 'SSLfinal_State', 'Domain_registeration_length',
       'Favicon', 'port', 'HTTPS_token', 'Request_URL', 'URL_of_Anchor',
       'Links_in_tags', 'SFH', 'Submitting_to_email', 'Abnormal_URL',
       'Redirect', 'on_mouseover', 'RightClick', 'popUpWidnow', 'Iframe',
       'age_of_domain', 'DNSRecord', 'web_traffic', 'Page_Rank',
       'Google_Index', 'Links_pointing_to_page', 'Statistical_report',
       'Result'],
      dtype='object')
[ 2025-08-25 09:46:38,801 ] 39 root - INFO - Required No. of columns: 2
[ 2025-08-25 09:46:38,801 ] 40 root - INFO - DataFrame has columns: Index(['having_IP_Address', 'URL_Length', 'Shortining_Service',
       'having_At_Symbol', 'double_slash_redirecting', 'Prefix_Suffix',
       'having_Sub_Domain', 'SSLfinal_State', 'Domain_registeration_length',
       'Favicon', 'port', 'HTTPS_token', 'Request_URL', 'URL_of_Anchor',
       'Links_in_tags', 'SFH', 'Submitting_to_email', 'Abnormal_URL',
       'Redirect', 'on_mouseover', 'RightClick', 'popUpWidnow', 'Iframe',
       'age_of_domain', 'DNSRecord', 'web_traffic', 'Page_Rank',
       'Google_Index', 'Links_pointing_to_page', 'Statistical_report',
       'Result'],
      dtype='object')
[ 2025-08-25 09:46:38,802 ] 51 root - INFO - We are checking for Numerical Columns in the Data Frame 
[ 2025-08-25 09:46:38,803 ] 51 root - INFO - We are checking for Numerical Columns in the Data Frame 
[ 2025-08-25 09:46:38,954 ] 28 root - INFO - Data Validation Completed
[ 2025-08-25 09:46:38,954 ] 33 root - INFO - Initiate Data Transformation
[ 2025-08-25 09:46:38,954 ] 62 root - INFO - Entered initiate_data_transformation method of DataTransformation class
[ 2025-08-25 09:46:38,954 ] 64 root - INFO - Starting data transformation
[ 2025-08-25 09:46:38,986 ] 48 root - INFO - Entered get_data_trnasformer_object method of Trnasformation class
[ 2025-08-25 09:46:38,986 ] 52 root - INFO -  Initialize KNNIMPUTER with {'missing_values': nan, 'n_neighbors': 3, 'weights': 'uniform'}
[ 2025-08-25 09:46:39,002 ] 47 root - INFO - Entered the save_object method of MainUtils class
[ 2025-08-25 09:46:39,006 ] 51 root - INFO - Exited the save_object method of MainUtils class
[ 2025-08-25 09:46:39,006 ] 47 root - INFO - Entered the save_object method of MainUtils class
[ 2025-08-25 09:46:39,010 ] 51 root - INFO - Exited the save_object method of MainUtils class
[ 2025-08-25 09:46:39,012 ] 35 root - INFO - Data Transformation Completed
[ 2025-08-25 09:46:39,012 ] 39 root - INFO - Model Training started
